Found path: /content/builds/project.x86_64
Mono path[0] = '/content/builds/project_Data/Managed'
Mono config path = '/content/builds/project_Data/MonoBleedingEdge/etc'
Preloaded 'lib_burst_generated.so'
Preloaded 'libgrpc_csharp_ext.x64.so'
Preloaded 'ScreenSelector.so'
Initialize engine version: 2019.1.0f2 (292b93d75a2c)
Forcing GfxDevice: Null
GfxDevice: creating device client; threaded=0
NullGfxDevice:
    Version:  NULL 1.0 [1.0]
    Renderer: Null Device
    Vendor:   Unity Technologies
FMOD failed to initialize the output device.: "Error initializing output device. " (60)
 
(Filename: ./Modules/Audio/Public/AudioManager.cpp Line: 1521)

Forced to initialize FMOD to to the device driver's system output rate 48000, this may impact performance and/or give inconsistent experiences compared to selected sample rate 48000
 
(Filename: ./Modules/Audio/Public/AudioManager.cpp Line: 1466)

FMOD failed to initialize the output device.: "Error initializing output device. " (60)
 
(Filename: ./Modules/Audio/Public/AudioManager.cpp Line: 1521)

FMOD initialized on nosound output
Begin MonoManager ReloadAssembly
- Completed reload, in  0.850 seconds
UnloadTime: 0.732495 ms
Fallback handler could not load library /content/builds/project_Data/Mono/libcoreclr.so
Fallback handler could not load library /content/builds/project_Data/Mono/libcoreclr.so
Fallback handler could not load library /content/builds/project_Data/Mono/libcoreclr.so
Fallback handler could not load library /content/builds/project_Data/Mono/libSystem.dylib
Fallback handler could not load library /content/builds/project_Data/Mono/libSystem.dylib.so
Fallback handler could not load library /content/builds/project_Data/Mono/libSystem.dylib
Fallback handler could not load library /content/builds/project_Data/Mono/libcoreclr.so
Fallback handler could not load library /content/builds/project_Data/Mono/libcoreclr.so
Fallback handler could not load library /content/builds/project_Data/Mono/libcoreclr.so
Fallback handler could not load library /content/builds/project_Data/Mono/libSystem.dylib
Fallback handler could not load library /content/builds/project_Data/Mono/libSystem.dylib.so
Fallback handler could not load library /content/builds/project_Data/Mono/libSystem.dylib
requesting resize 84 x 84
Setting up 1 worker threads for Enlighten.
  Thread -> id: 7f88aa818700 -> priority: 1 
